<?xml version="1.0" encoding="UTF-8"?>
<testsuite xmlns:xsi="http://www.w3.org/2001/XMLSchema-instance" xsi:noNamespaceSchemaLocation="https://maven.apache.org/surefire/maven-surefire-plugin/xsd/surefire-test-report-3.0.xsd" version="3.0" name="Ciclista.CiclistaTest" time="0.047" tests="4" errors="0" skipped="0" failures="0">
  <properties>
    <property name="java.specification.version" value="22"/>
    <property name="sun.jnu.encoding" value="UTF-8"/>
    <property name="java.class.path" value="/Users/viniciusgomesrodrigues/Desktop/PUC MINAS/2024/2° SEMESTRE/Laboratório de Programação Modular/RafaelFaria_ViniciusGomes_v1/target/test-classes:/Users/viniciusgomesrodrigues/Desktop/PUC MINAS/2024/2° SEMESTRE/Laboratório de Programação Modular/RafaelFaria_ViniciusGomes_v1/target/classes:/Users/viniciusgomesrodrigues/.m2/repository/org/junit/jupiter/junit-jupiter/5.9.0/junit-jupiter-5.9.0.jar:/Users/viniciusgomesrodrigues/.m2/repository/org/junit/jupiter/junit-jupiter-api/5.10.2/junit-jupiter-api-5.10.2.jar:/Users/viniciusgomesrodrigues/.m2/repository/org/opentest4j/opentest4j/1.3.0/opentest4j-1.3.0.jar:/Users/viniciusgomesrodrigues/.m2/repository/org/junit/platform/junit-platform-commons/1.10.2/junit-platform-commons-1.10.2.jar:/Users/viniciusgomesrodrigues/.m2/repository/org/apiguardian/apiguardian-api/1.1.2/apiguardian-api-1.1.2.jar:/Users/viniciusgomesrodrigues/.m2/repository/org/junit/jupiter/junit-jupiter-params/5.10.2/junit-jupiter-params-5.10.2.jar:/Users/viniciusgomesrodrigues/.m2/repository/org/junit/jupiter/junit-jupiter-engine/5.10.2/junit-jupiter-engine-5.10.2.jar:/Users/viniciusgomesrodrigues/.m2/repository/org/junit/platform/junit-platform-engine/1.10.2/junit-platform-engine-1.10.2.jar:"/>
    <property name="java.vm.vendor" value="Oracle Corporation"/>
    <property name="sun.arch.data.model" value="64"/>
    <property name="java.vendor.url" value="https://java.oracle.com/"/>
    <property name="os.name" value="Mac OS X"/>
    <property name="java.vm.specification.version" value="22"/>
    <property name="user.country" value="BR"/>
    <property name="sun.java.launcher" value="SUN_STANDARD"/>
    <property name="sun.boot.library.path" value="/Library/Java/JavaVirtualMachines/jdk-22.jdk/Contents/Home/lib"/>
    <property name="sun.java.command" value="/Users/viniciusgomesrodrigues/Desktop/PUC MINAS/2024/2° SEMESTRE/Laboratório de Programação Modular/RafaelFaria_ViniciusGomes_v1/target/surefire/surefirebooter-20241020181802429_3.jar /Users/viniciusgomesrodrigues/Desktop/PUC MINAS/2024/2° SEMESTRE/Laboratório de Programação Modular/RafaelFaria_ViniciusGomes_v1/target/surefire 2024-10-20T18-18-00_419-jvmRun1 surefire-20241020181802429_1tmp surefire_0-20241020181802429_2tmp"/>
    <property name="http.nonProxyHosts" value="local|*.local|169.254/16|*.169.254/16"/>
    <property name="jdk.debug" value="release"/>
    <property name="test" value="Ciclista.CiclistaTest"/>
    <property name="surefire.test.class.path" value="/Users/viniciusgomesrodrigues/Desktop/PUC MINAS/2024/2° SEMESTRE/Laboratório de Programação Modular/RafaelFaria_ViniciusGomes_v1/target/test-classes:/Users/viniciusgomesrodrigues/Desktop/PUC MINAS/2024/2° SEMESTRE/Laboratório de Programação Modular/RafaelFaria_ViniciusGomes_v1/target/classes:/Users/viniciusgomesrodrigues/.m2/repository/org/junit/jupiter/junit-jupiter/5.9.0/junit-jupiter-5.9.0.jar:/Users/viniciusgomesrodrigues/.m2/repository/org/junit/jupiter/junit-jupiter-api/5.10.2/junit-jupiter-api-5.10.2.jar:/Users/viniciusgomesrodrigues/.m2/repository/org/opentest4j/opentest4j/1.3.0/opentest4j-1.3.0.jar:/Users/viniciusgomesrodrigues/.m2/repository/org/junit/platform/junit-platform-commons/1.10.2/junit-platform-commons-1.10.2.jar:/Users/viniciusgomesrodrigues/.m2/repository/org/apiguardian/apiguardian-api/1.1.2/apiguardian-api-1.1.2.jar:/Users/viniciusgomesrodrigues/.m2/repository/org/junit/jupiter/junit-jupiter-params/5.10.2/junit-jupiter-params-5.10.2.jar:/Users/viniciusgomesrodrigues/.m2/repository/org/junit/jupiter/junit-jupiter-engine/5.10.2/junit-jupiter-engine-5.10.2.jar:/Users/viniciusgomesrodrigues/.m2/repository/org/junit/platform/junit-platform-engine/1.10.2/junit-platform-engine-1.10.2.jar:"/>
    <property name="sun.cpu.endian" value="little"/>
    <property name="user.home" value="/Users/viniciusgomesrodrigues"/>
    <property name="user.language" value="pt"/>
    <property name="java.specification.vendor" value="Oracle Corporation"/>
    <property name="java.version.date" value="2024-07-16"/>
    <property name="java.home" value="/Library/Java/JavaVirtualMachines/jdk-22.jdk/Contents/Home"/>
    <property name="file.separator" value="/"/>
    <property name="basedir" value="/Users/viniciusgomesrodrigues/Desktop/PUC MINAS/2024/2° SEMESTRE/Laboratório de Programação Modular/RafaelFaria_ViniciusGomes_v1"/>
    <property name="java.vm.compressedOopsMode" value="Zero based"/>
    <property name="line.separator" value="&#10;"/>
    <property name="java.vm.specification.vendor" value="Oracle Corporation"/>
    <property name="java.specification.name" value="Java Platform API Specification"/>
    <property name="apple.awt.application.name" value="ForkedBooter"/>
    <property name="surefire.real.class.path" value="/Users/viniciusgomesrodrigues/Desktop/PUC MINAS/2024/2° SEMESTRE/Laboratório de Programação Modular/RafaelFaria_ViniciusGomes_v1/target/surefire/surefirebooter-20241020181802429_3.jar"/>
    <property name="sun.management.compiler" value="HotSpot 64-Bit Tiered Compilers"/>
    <property name="ftp.nonProxyHosts" value="local|*.local|169.254/16|*.169.254/16"/>
    <property name="java.runtime.version" value="22.0.2+9-70"/>
    <property name="user.name" value="viniciusgomesrodrigues"/>
    <property name="stdout.encoding" value="UTF-8"/>
    <property name="path.separator" value=":"/>
    <property name="os.version" value="15.0.1"/>
    <property name="java.runtime.name" value="Java(TM) SE Runtime Environment"/>
    <property name="file.encoding" value="UTF-8"/>
    <property name="java.vm.name" value="Java HotSpot(TM) 64-Bit Server VM"/>
    <property name="maven.ext.class.path" value="/Applications/Apache NetBeans.app/Contents/Resources/netbeans/java/maven-nblib/netbeans-eventspy.jar"/>
    <property name="localRepository" value="/Users/viniciusgomesrodrigues/.m2/repository"/>
    <property name="java.vendor.url.bug" value="https://bugreport.java.com/bugreport/"/>
    <property name="java.io.tmpdir" value="/var/folders/m_/hhsvrc113hb0h2f8dvrt805w0000gn/T/"/>
    <property name="java.version" value="22.0.2"/>
    <property name="user.dir" value="/Users/viniciusgomesrodrigues/Desktop/PUC MINAS/2024/2° SEMESTRE/Laboratório de Programação Modular/RafaelFaria_ViniciusGomes_v1"/>
    <property name="os.arch" value="aarch64"/>
    <property name="java.vm.specification.name" value="Java Virtual Machine Specification"/>
    <property name="native.encoding" value="UTF-8"/>
    <property name="java.library.path" value="/Users/viniciusgomesrodrigues/Library/Java/Extensions:/Library/Java/Extensions:/Network/Library/Java/Extensions:/System/Library/Java/Extensions:/usr/lib/java:."/>
    <property name="java.vm.info" value="mixed mode, sharing"/>
    <property name="stderr.encoding" value="UTF-8"/>
    <property name="java.vendor" value="Oracle Corporation"/>
    <property name="java.vm.version" value="22.0.2+9-70"/>
    <property name="sun.io.unicode.encoding" value="UnicodeBig"/>
    <property name="socksNonProxyHosts" value="local|*.local|169.254/16|*.169.254/16"/>
    <property name="java.class.version" value="66.0"/>
  </properties>
  <testcase name="testCompararComOutroCiclista" classname="Ciclista.CiclistaTest" time="0.022"/>
  <testcase name="testAdicionarEtapa" classname="Ciclista.CiclistaTest" time="0.002"/>
  <testcase name="testCiclistaCreation" classname="Ciclista.CiclistaTest" time="0.001"/>
  <testcase name="testCompararEtapaComOutroCiclista" classname="Ciclista.CiclistaTest" time="0.005"/>
</testsuite>